<?xml version="1.0" encoding="UTF-8"?>
<!-- Generated by org.testng.reporters.JUnitReportReporter -->
<testsuite hostname="DESKTOP-MUEUS88" failures="0" tests="1" name="TestFramework.POM.LoginTest" time="3.952" errors="0" timestamp="18 Jan 2023 19:45:41 GMT">
  <testcase classname="TestFramework.POM.LoginTest" name="ValidLogin" time="3.952"/>
</testsuite> <!-- TestFramework.POM.LoginTest -->
