<?xml version="1.0" encoding="UTF-8"?>
<!-- Generated by org.testng.reporters.JUnitReportReporter -->
<testsuite hostname="DESKTOP-MUEUS88" name="TestFramework.POM.LoginTest" tests="1" failures="0" timestamp="18 Jan 2023 19:47:26 GMT" time="2.830" errors="0">
  <testcase name="ValidLogin" time="2.830" classname="TestFramework.POM.LoginTest"/>
</testsuite> <!-- TestFramework.POM.LoginTest -->
